<?xml version="1.0" encoding="UTF-8"?>
<!-- Generated by org.testng.reporters.JUnitReportReporter -->
<testsuite hostname="DESKTOP-5FLV62J" failures="0" tests="1" name="Prueba.testLogin" time="8.651" errors="0" timestamp="2021-05-27T13:50:55 CST" skipped="0">
  <testcase classname="Prueba.testLogin" name="testLogin_demo" time="8.651"/>
  <system-out>
-Browser Session End-  </system-out>
</testsuite> <!-- Prueba.testLogin -->
